<?xml version="1.0" encoding="UTF-8"?>
<!-- Generated by org.testng.reporters.JUnitReportReporter -->
<testsuite hostname="LIN51007274" name="com.cg.test.BankAppTest" tests="3" failures="0" timestamp="25 Jul 2020 06:47:17 GMT" time="0.016" errors="0">
  <testcase name="checkAccountInformation" time="0.008" classname="com.cg.test.BankAppTest"/>
  <testcase name="checkCustomerInfo" time="0.001" classname="com.cg.test.BankAppTest"/>
  <testcase name="checkCustomerId" time="0.007" classname="com.cg.test.BankAppTest"/>
</testsuite> <!-- com.cg.test.BankAppTest -->
